<?xml version="1.0" encoding="UTF-8"?>
<!-- Generated by org.testng.reporters.JUnitReportReporter -->
<testsuite skipped="0" hostname="LAPTOP-UCGO14RO" name="org.testng.ClassA" tests="3" failures="0" timestamp="04 Mar 2021 13:35:16 GMT" time="18.604" errors="0">
  <testcase name="execute" time="18.323" classname="org.testng.ClassA"/>
  <testcase name="tc2" time="0.274" classname="org.testng.ClassA"/>
  <testcase name="tc1" time="0.007" classname="org.testng.ClassA"/>
</testsuite> <!-- org.testng.ClassA -->
