<?xml version="1.0" encoding="UTF-8"?>
<!-- Generated by org.testng.reporters.JUnitReportReporter -->
<testsuite skipped="0" hostname="LAPTOP-UCGO14RO" name="org.testng.ClassB" tests="1" failures="0" timestamp="04 Mar 2021 07:03:55 GMT" time="0.002" errors="0">
  <testcase name="tc22" time="0.002" classname="org.testng.ClassB"/>
</testsuite> <!-- org.testng.ClassB -->
