<?xml version="1.0" encoding="UTF-8"?>
<!-- Generated by org.testng.reporters.JUnitReportReporter -->
<testsuite skipped="0" hostname="LAPTOP-UCGO14RO" name="org.testngpractice.ExecuteTestNG" tests="2" failures="0" timestamp="14 Mar 2021 13:47:47 GMT" time="1.666" errors="0">
  <testcase name="loginPage" time="1.275" classname="org.testngpractice.ExecuteTestNG"/>
  <testcase name="searchHotelPage" time="0.391" classname="org.testngpractice.ExecuteTestNG"/>
</testsuite> <!-- org.testngpractice.ExecuteTestNG -->
